<?xml version="1.0" encoding="UTF-8"?>
<robot generator="Robot 5.0.1 (Python 3.10.4 on win32)" generated="20220523 14:38:59.207" rpa="false" schemaversion="3">
<suite id="s1" name="Select" source="C:\Users\b.jarkiewicz\PycharmProjects\pythonProject\robot\select\select.robot">
<test id="s1-t1" name="Test title" line="12">
<kw name="Open Browser To Login Page" library="resource">
<kw name="Create Webdriver" library="SeleniumLibrary">
<arg>Chrome</arg>
<arg>executable_path=C:/projects/chromedriver</arg>
<doc>Creates an instance of Selenium WebDriver.</doc>
<msg timestamp="20220523 14:38:59.412" level="INFO">Creating an instance of the Chrome WebDriver.</msg>
<status status="PASS" starttime="20220523 14:38:59.412" endtime="20220523 14:39:00.572"/>
</kw>
<kw name="Go To" library="SeleniumLibrary">
<arg>${LOGIN URL}</arg>
<doc>Navigates the current browser window to the provided ``url``.</doc>
<msg timestamp="20220523 14:39:00.573" level="INFO">Opening url 'http://the-internet.herokuapp.com/login'</msg>
<status status="PASS" starttime="20220523 14:39:00.573" endtime="20220523 14:39:03.724"/>
</kw>
<kw name="Maximize Browser Window" library="SeleniumLibrary">
<doc>Maximizes current browser window.</doc>
<status status="PASS" starttime="20220523 14:39:03.724" endtime="20220523 14:39:03.844"/>
</kw>
<kw name="Set Selenium Speed" library="SeleniumLibrary">
<arg>${DELAY}</arg>
<doc>Sets the delay that is waited after each Selenium command.</doc>
<status status="PASS" starttime="20220523 14:39:03.844" endtime="20220523 14:39:03.844"/>
</kw>
<kw name="Login Page Should Be Open" library="resource">
<kw name="Title Should Be" library="SeleniumLibrary">
<arg>The Internet</arg>
<doc>Verifies that the current page title equals ``title``.</doc>
<msg timestamp="20220523 14:39:03.850" level="INFO">Page title is 'The Internet'.</msg>
<status status="PASS" starttime="20220523 14:39:03.845" endtime="20220523 14:39:03.850"/>
</kw>
<status status="PASS" starttime="20220523 14:39:03.844" endtime="20220523 14:39:03.850"/>
</kw>
<status status="PASS" starttime="20220523 14:38:59.411" endtime="20220523 14:39:03.850"/>
</kw>
<kw name="Open My Page" library="resource">
<arg>dropdown</arg>
<kw name="Go To" library="SeleniumLibrary">
<arg>${BASE URL}/${page_url}</arg>
<doc>Navigates the current browser window to the provided ``url``.</doc>
<msg timestamp="20220523 14:39:03.852" level="INFO">Opening url 'http://the-internet.herokuapp.com/dropdown'</msg>
<status status="PASS" starttime="20220523 14:39:03.851" endtime="20220523 14:39:04.092"/>
</kw>
<status status="PASS" starttime="20220523 14:39:03.851" endtime="20220523 14:39:04.092"/>
</kw>
<kw name="Element Should Be Visible" library="SeleniumLibrary">
<arg>${Select}</arg>
<doc>Verifies that the element identified by ``locator`` is visible.</doc>
<msg timestamp="20220523 14:39:04.118" level="INFO">Element '//select[@id='dropdown']' is displayed.</msg>
<status status="PASS" starttime="20220523 14:39:04.092" endtime="20220523 14:39:04.118"/>
</kw>
<kw name="Select From List By Index" library="SeleniumLibrary">
<arg>${Select}</arg>
<arg>1</arg>
<doc>Selects options from selection list ``locator`` by ``indexes``.</doc>
<msg timestamp="20220523 14:39:04.119" level="INFO">Selecting options from selection list '//select[@id='dropdown']' by index 1.</msg>
<status status="PASS" starttime="20220523 14:39:04.119" endtime="20220523 14:39:04.191"/>
</kw>
<kw name="Element Attribute Value Should Be" library="SeleniumLibrary">
<arg>${SELECT 2}</arg>
<arg>selected</arg>
<arg>true</arg>
<doc>Verifies element identified by ``locator`` contains expected attribute value.</doc>
<msg timestamp="20220523 14:39:04.210" level="INFO">Element '//select/child::*[2]' attribute 'selected' contains value 'true'.</msg>
<status status="PASS" starttime="20220523 14:39:04.191" endtime="20220523 14:39:04.210"/>
</kw>
<kw name="Close Browser" library="SeleniumLibrary" type="TEARDOWN">
<doc>Closes the current browser.</doc>
<status status="PASS" starttime="20220523 14:39:04.211" endtime="20220523 14:39:06.324"/>
</kw>
<tag>DEBUG</tag>
<status status="PASS" starttime="20220523 14:38:59.411" endtime="20220523 14:39:06.325"/>
</test>
<doc>Suite description</doc>
<status status="PASS" starttime="20220523 14:38:59.209" endtime="20220523 14:39:06.327"/>
</suite>
<statistics>
<total>
<stat pass="1" fail="0" skip="0">All Tests</stat>
</total>
<tag>
<stat pass="1" fail="0" skip="0">DEBUG</stat>
</tag>
<suite>
<stat pass="1" fail="0" skip="0" id="s1" name="Select">Select</stat>
</suite>
</statistics>
<errors>
</errors>
</robot>
