<?xml version="1.0" encoding="UTF-8"?>
<robot generator="Robot 5.0.1 (Python 3.10.4 on win32)" generated="20220524 10:58:03.444" rpa="false" schemaversion="3">
<suite id="s1" name="Add Remove" source="C:\Users\b.jarkiewicz\PycharmProjects\pythonProject\robot\add_remove\add_remove.robot">
<test id="s1-t1" name="Test title" line="10">
<kw name="Open Browser To Login Page" library="resource">
<kw name="Create Webdriver" library="SeleniumLibrary">
<arg>Chrome</arg>
<arg>executable_path=C:/projects/chromedriver</arg>
<doc>Creates an instance of Selenium WebDriver.</doc>
<msg timestamp="20220524 10:58:03.634" level="INFO">Creating an instance of the Chrome WebDriver.</msg>
<status status="PASS" starttime="20220524 10:58:03.634" endtime="20220524 10:58:04.829"/>
</kw>
<kw name="Go To" library="SeleniumLibrary">
<arg>${LOGIN URL}</arg>
<doc>Navigates the current browser window to the provided ``url``.</doc>
<msg timestamp="20220524 10:58:04.830" level="INFO">Opening url 'http://the-internet.herokuapp.com/login'</msg>
<status status="PASS" starttime="20220524 10:58:04.829" endtime="20220524 10:58:08.105"/>
</kw>
<kw name="Maximize Browser Window" library="SeleniumLibrary">
<doc>Maximizes current browser window.</doc>
<status status="PASS" starttime="20220524 10:58:08.105" endtime="20220524 10:58:08.223"/>
</kw>
<kw name="Set Selenium Speed" library="SeleniumLibrary">
<arg>${DELAY}</arg>
<doc>Sets the delay that is waited after each Selenium command.</doc>
<status status="PASS" starttime="20220524 10:58:08.223" endtime="20220524 10:58:08.224"/>
</kw>
<kw name="Login Page Should Be Open" library="resource">
<kw name="Title Should Be" library="SeleniumLibrary">
<arg>The Internet</arg>
<doc>Verifies that the current page title equals ``title``.</doc>
<msg timestamp="20220524 10:58:08.231" level="INFO">Page title is 'The Internet'.</msg>
<status status="PASS" starttime="20220524 10:58:08.224" endtime="20220524 10:58:08.231"/>
</kw>
<status status="PASS" starttime="20220524 10:58:08.224" endtime="20220524 10:58:08.231"/>
</kw>
<status status="PASS" starttime="20220524 10:58:03.633" endtime="20220524 10:58:08.232"/>
</kw>
<kw name="Open My Page" library="resource">
<arg>dynamic_controls</arg>
<kw name="Go To" library="SeleniumLibrary">
<arg>${BASE URL}/${page_url}</arg>
<doc>Navigates the current browser window to the provided ``url``.</doc>
<msg timestamp="20220524 10:58:08.234" level="INFO">Opening url 'http://the-internet.herokuapp.com/dynamic_controls'</msg>
<status status="PASS" starttime="20220524 10:58:08.233" endtime="20220524 10:58:08.770"/>
</kw>
<status status="PASS" starttime="20220524 10:58:08.232" endtime="20220524 10:58:08.770"/>
</kw>
<kw name="Element Should Be Visible" library="SeleniumLibrary">
<arg>${REMOVE BUTTON}</arg>
<doc>Verifies that the element identified by ``locator`` is visible.</doc>
<msg timestamp="20220524 10:58:08.794" level="INFO">Element '//button[@onclick='swapCheckbox()']' is displayed.</msg>
<status status="PASS" starttime="20220524 10:58:08.770" endtime="20220524 10:58:08.794"/>
</kw>
<kw name="Element Should Be Visible" library="SeleniumLibrary">
<arg>${INPUT CHECKBOX}</arg>
<doc>Verifies that the element identified by ``locator`` is visible.</doc>
<msg timestamp="20220524 10:58:08.817" level="INFO">Element '//input[@type='checkbox']' is displayed.</msg>
<status status="PASS" starttime="20220524 10:58:08.795" endtime="20220524 10:58:08.817"/>
</kw>
<kw name="Click Button" library="SeleniumLibrary">
<arg>${INPUT CHECKBOX}</arg>
<doc>Clicks the button identified by ``locator``.</doc>
<msg timestamp="20220524 10:58:08.818" level="INFO">Clicking button '//input[@type='checkbox']'.</msg>
<status status="PASS" starttime="20220524 10:58:08.818" endtime="20220524 10:58:08.861"/>
</kw>
<kw name="Click Button" library="SeleniumLibrary">
<arg>${REMOVE BUTTON}</arg>
<doc>Clicks the button identified by ``locator``.</doc>
<msg timestamp="20220524 10:58:08.861" level="INFO">Clicking button '//button[@onclick='swapCheckbox()']'.</msg>
<status status="PASS" starttime="20220524 10:58:08.861" endtime="20220524 10:58:08.907"/>
</kw>
<kw name="Wait Until Element Is Visible" library="SeleniumLibrary">
<arg>${P MESSAGE}</arg>
<arg>10</arg>
<doc>Waits until the element ``locator`` is visible.</doc>
<status status="PASS" starttime="20220524 10:58:08.907" endtime="20220524 10:58:11.977"/>
</kw>
<kw name="Element Text Should Be" library="SeleniumLibrary">
<arg>${P MESSAGE}</arg>
<arg>It's gone!</arg>
<doc>Verifies that element ``locator`` contains exact the text ``expected``.</doc>
<msg timestamp="20220524 10:58:11.978" level="INFO">Verifying element '//p[@id='message']' contains exact text 'It's gone!'.</msg>
<status status="PASS" starttime="20220524 10:58:11.978" endtime="20220524 10:58:11.995"/>
</kw>
<kw name="Click Button" library="SeleniumLibrary">
<arg>${REMOVE BUTTON}</arg>
<doc>Clicks the button identified by ``locator``.</doc>
<msg timestamp="20220524 10:58:11.996" level="INFO">Clicking button '//button[@onclick='swapCheckbox()']'.</msg>
<status status="PASS" starttime="20220524 10:58:11.995" endtime="20220524 10:58:12.030"/>
</kw>
<kw name="Wait Until Element Is Visible" library="SeleniumLibrary">
<arg>${P MESSAGE}</arg>
<arg>10</arg>
<doc>Waits until the element ``locator`` is visible.</doc>
<status status="PASS" starttime="20220524 10:58:12.031" endtime="20220524 10:58:15.072"/>
</kw>
<kw name="Element Text Should Be" library="SeleniumLibrary">
<arg>${P MESSAGE}</arg>
<arg>It's back!</arg>
<doc>Verifies that element ``locator`` contains exact the text ``expected``.</doc>
<msg timestamp="20220524 10:58:15.073" level="INFO">Verifying element '//p[@id='message']' contains exact text 'It's back!'.</msg>
<status status="PASS" starttime="20220524 10:58:15.073" endtime="20220524 10:58:15.090"/>
</kw>
<kw name="Element Should Be Visible" library="SeleniumLibrary">
<arg>${INPUT CHECKBOX}</arg>
<doc>Verifies that the element identified by ``locator`` is visible.</doc>
<msg timestamp="20220524 10:58:15.110" level="INFO">Element '//input[@type='checkbox']' is displayed.</msg>
<status status="PASS" starttime="20220524 10:58:15.090" endtime="20220524 10:58:15.110"/>
</kw>
<kw name="Close Browser" library="SeleniumLibrary" type="TEARDOWN">
<doc>Closes the current browser.</doc>
<status status="PASS" starttime="20220524 10:58:15.111" endtime="20220524 10:58:17.221"/>
</kw>
<tag>DEBUG</tag>
<status status="PASS" starttime="20220524 10:58:03.633" endtime="20220524 10:58:17.222"/>
</test>
<doc>Suite description</doc>
<status status="PASS" starttime="20220524 10:58:03.446" endtime="20220524 10:58:17.223"/>
</suite>
<statistics>
<total>
<stat pass="1" fail="0" skip="0">All Tests</stat>
</total>
<tag>
<stat pass="1" fail="0" skip="0">DEBUG</stat>
</tag>
<suite>
<stat pass="1" fail="0" skip="0" id="s1" name="Add Remove">Add Remove</stat>
</suite>
</statistics>
<errors>
</errors>
</robot>
