<?xml version="1.0" encoding="UTF-8"?>
<robot generator="Robot 5.0.1 (Python 3.10.4 on win32)" generated="20220523 13:34:21.051" rpa="false" schemaversion="3">
<suite id="s1" name="Checkbox Test" source="C:\Users\b.jarkiewicz\PycharmProjects\pythonProject\robot\checkbox\checkbox_test.robot">
<test id="s1-t1" name="Test title" line="10">
<kw name="Open Browser To Login Page" library="resource">
<kw name="Create Webdriver" library="SeleniumLibrary">
<arg>Chrome</arg>
<arg>executable_path=C:/projects/chromedriver</arg>
<doc>Creates an instance of Selenium WebDriver.</doc>
<msg timestamp="20220523 13:34:21.250" level="INFO">Creating an instance of the Chrome WebDriver.</msg>
<status status="PASS" starttime="20220523 13:34:21.250" endtime="20220523 13:34:22.387"/>
</kw>
<kw name="Go To" library="SeleniumLibrary">
<arg>${LOGIN URL}</arg>
<doc>Navigates the current browser window to the provided ``url``.</doc>
<msg timestamp="20220523 13:34:22.388" level="INFO">Opening url 'http://the-internet.herokuapp.com/login'</msg>
<status status="PASS" starttime="20220523 13:34:22.388" endtime="20220523 13:34:25.519"/>
</kw>
<kw name="Maximize Browser Window" library="SeleniumLibrary">
<doc>Maximizes current browser window.</doc>
<status status="PASS" starttime="20220523 13:34:25.520" endtime="20220523 13:34:25.645"/>
</kw>
<kw name="Set Selenium Speed" library="SeleniumLibrary">
<arg>${DELAY}</arg>
<doc>Sets the delay that is waited after each Selenium command.</doc>
<status status="PASS" starttime="20220523 13:34:25.645" endtime="20220523 13:34:25.645"/>
</kw>
<kw name="Login Page Should Be Open" library="resource">
<kw name="Title Should Be" library="SeleniumLibrary">
<arg>The Internet</arg>
<doc>Verifies that the current page title equals ``title``.</doc>
<msg timestamp="20220523 13:34:25.652" level="INFO">Page title is 'The Internet'.</msg>
<status status="PASS" starttime="20220523 13:34:25.646" endtime="20220523 13:34:25.652"/>
</kw>
<status status="PASS" starttime="20220523 13:34:25.646" endtime="20220523 13:34:25.652"/>
</kw>
<status status="PASS" starttime="20220523 13:34:21.250" endtime="20220523 13:34:25.652"/>
</kw>
<kw name="Open My Page" library="resource">
<arg>checkboxes</arg>
<kw name="Go To" library="SeleniumLibrary">
<arg>${BASE URL}/${page_url}</arg>
<doc>Navigates the current browser window to the provided ``url``.</doc>
<msg timestamp="20220523 13:34:25.653" level="INFO">Opening url 'http://the-internet.herokuapp.com/checkboxes'</msg>
<status status="PASS" starttime="20220523 13:34:25.653" endtime="20220523 13:34:25.874"/>
</kw>
<status status="PASS" starttime="20220523 13:34:25.653" endtime="20220523 13:34:25.874"/>
</kw>
<kw name="Element Should Be Visible" library="SeleniumLibrary">
<arg>${CHECKBOX 1}</arg>
<doc>Verifies that the element identified by ``locator`` is visible.</doc>
<msg timestamp="20220523 13:34:25.901" level="INFO">Element '//input[1]' is displayed.</msg>
<status status="PASS" starttime="20220523 13:34:25.875" endtime="20220523 13:34:25.901"/>
</kw>
<kw name="Element Should Be Visible" library="SeleniumLibrary">
<arg>${CHECKBOX 2}</arg>
<doc>Verifies that the element identified by ``locator`` is visible.</doc>
<msg timestamp="20220523 13:34:25.923" level="INFO">Element '//input[2]' is displayed.</msg>
<status status="PASS" starttime="20220523 13:34:25.901" endtime="20220523 13:34:25.923"/>
</kw>
<kw name="Select Checkbox" library="SeleniumLibrary">
<arg>${CHECKBOX 1}</arg>
<doc>Selects the checkbox identified by ``locator``.</doc>
<msg timestamp="20220523 13:34:25.924" level="INFO">Selecting checkbox '//input[1]'.</msg>
<status status="PASS" starttime="20220523 13:34:25.923" endtime="20220523 13:34:25.987"/>
</kw>
<kw name="Unselect Checkbox" library="SeleniumLibrary">
<arg>${CHECKBOX 2}</arg>
<doc>Removes the selection of checkbox identified by ``locator``.</doc>
<msg timestamp="20220523 13:34:25.987" level="INFO">Unselecting checkbox '//input[2]'.</msg>
<status status="PASS" starttime="20220523 13:34:25.987" endtime="20220523 13:34:26.045"/>
</kw>
<kw name="Checkbox Should Be Selected" library="SeleniumLibrary">
<arg>${CHECKBOX 1}</arg>
<doc>Verifies checkbox ``locator`` is selected/checked.</doc>
<msg timestamp="20220523 13:34:26.046" level="INFO">Verifying checkbox '//input[1]' is selected.</msg>
<status status="PASS" starttime="20220523 13:34:26.046" endtime="20220523 13:34:26.066"/>
</kw>
<kw name="Checkbox Should Not Be Selected" library="SeleniumLibrary">
<arg>${CHECKBOX 2}</arg>
<doc>Verifies checkbox ``locator`` is not selected/checked.</doc>
<msg timestamp="20220523 13:34:26.067" level="INFO">Verifying checkbox '//input[2]' is not selected.</msg>
<status status="PASS" starttime="20220523 13:34:26.067" endtime="20220523 13:34:26.088"/>
</kw>
<kw name="Close Browser" library="SeleniumLibrary" type="TEARDOWN">
<doc>Closes the current browser.</doc>
<status status="PASS" starttime="20220523 13:34:26.088" endtime="20220523 13:34:28.183"/>
</kw>
<tag>DEBUG</tag>
<status status="PASS" starttime="20220523 13:34:21.249" endtime="20220523 13:34:28.184"/>
</test>
<doc>Suite description</doc>
<status status="PASS" starttime="20220523 13:34:21.053" endtime="20220523 13:34:28.185"/>
</suite>
<statistics>
<total>
<stat pass="1" fail="0" skip="0">All Tests</stat>
</total>
<tag>
<stat pass="1" fail="0" skip="0">DEBUG</stat>
</tag>
<suite>
<stat pass="1" fail="0" skip="0" id="s1" name="Checkbox Test">Checkbox Test</stat>
</suite>
</statistics>
<errors>
</errors>
</robot>
